

times in msec
 clock   self+sourced   self:  sourced script
 clock   elapsed:              other lines

000.003  000.003: --- NVIM STARTING ---
000.064  000.060: event init
000.164  000.101: early init
000.469  000.305: locale set
000.511  000.042: init first window
000.793  000.282: inits 1
000.809  000.016: window checked
000.811  000.002: parsing arguments
001.148  000.041  000.041: require('vim.shared')
001.230  000.032  000.032: require('vim._meta')
001.232  000.081  000.049: require('vim._editor')
001.233  000.161  000.039: require('vim._init_packages')
001.234  000.262: init lua interpreter
003.242  002.008: expanding arguments
003.285  000.044: inits 2
003.525  000.239: init highlight
003.525  000.001: waiting for UI
003.600  000.075: done waiting for UI
003.603  000.003: clear screen
003.818  000.215: init default mappings & autocommands
010.778  000.357  000.357: sourcing /opt/homebrew/Cellar/neovim/0.9.1/share/nvim/runtime/ftplugin.vim
011.514  000.226  000.226: sourcing /opt/homebrew/Cellar/neovim/0.9.1/share/nvim/runtime/indent.vim
012.657  000.004  000.004: require('vim.keymap')
018.327  000.345  000.345: require('vim.lsp.log')
019.046  000.717  000.717: require('vim.lsp.protocol')
020.513  000.462  000.462: require('vim.lsp._snippet')
020.688  000.172  000.172: require('vim.highlight')
020.693  000.003  000.003: require('vim.F')
020.705  001.657  001.020: require('vim.lsp.util')
020.715  003.436  000.716: require('vim.lsp.handlers')
021.238  000.522  000.522: require('vim.lsp.rpc')
021.470  000.231  000.231: require('vim.lsp.sync')
021.881  000.410  000.410: require('vim.lsp.semantic_tokens')
022.323  000.440  000.440: require('vim.lsp.buf')
022.547  000.223  000.223: require('vim.lsp.diagnostic')
022.795  000.247  000.247: require('vim.lsp.codelens')
022.896  010.125  004.616: require('vim.lsp')
022.983  010.725  000.596: require('willis.remap')
023.424  000.439  000.439: require('willis.set')
023.425  011.554  000.389: require('willis')
023.426  011.674  000.120: sourcing /Users/willisplummer/.config/nvim/init.lua
023.434  007.360: sourcing vimrc file(s)
024.532  000.128  000.128: sourcing /Users/willisplummer/.local/share/nvim/site/pack/packer/start/vim-fugitive/ftdetect/fugitive.vim
024.956  000.148  000.148: sourcing /Users/willisplummer/.local/share/nvim/site/pack/packer/start/vim-pandoc/ftdetect/pandoc.vim
025.129  001.187  000.911: sourcing /opt/homebrew/Cellar/neovim/0.9.1/share/nvim/runtime/filetype.lua
026.413  000.191  000.191: sourcing /opt/homebrew/Cellar/neovim/0.9.1/share/nvim/runtime/syntax/synload.vim
026.484  001.279  001.088: sourcing /opt/homebrew/Cellar/neovim/0.9.1/share/nvim/runtime/syntax/syntax.vim
028.126  000.220  000.220: sourcing /opt/homebrew/Cellar/neovim/0.9.1/share/nvim/runtime/plugin/gzip.vim
028.264  000.104  000.104: sourcing /opt/homebrew/Cellar/neovim/0.9.1/share/nvim/runtime/plugin/health.vim
029.146  000.112  000.112: sourcing /opt/homebrew/Cellar/neovim/0.9.1/share/nvim/runtime/pack/dist/opt/matchit/plugin/matchit.vim
029.249  000.952  000.839: sourcing /opt/homebrew/Cellar/neovim/0.9.1/share/nvim/runtime/plugin/matchit.vim
029.413  000.130  000.130: sourcing /opt/homebrew/Cellar/neovim/0.9.1/share/nvim/runtime/plugin/matchparen.vim
029.658  000.205  000.205: sourcing /opt/homebrew/Cellar/neovim/0.9.1/share/nvim/runtime/plugin/netrwPlugin.vim
029.967  000.125  000.125: sourcing /Users/willisplummer/.local/share/nvim/rplugin.vim
029.971  000.272  000.147: sourcing /opt/homebrew/Cellar/neovim/0.9.1/share/nvim/runtime/plugin/rplugin.vim
030.072  000.060  000.060: sourcing /opt/homebrew/Cellar/neovim/0.9.1/share/nvim/runtime/plugin/shada.vim
030.145  000.032  000.032: sourcing /opt/homebrew/Cellar/neovim/0.9.1/share/nvim/runtime/plugin/spellfile.vim
030.299  000.085  000.085: sourcing /opt/homebrew/Cellar/neovim/0.9.1/share/nvim/runtime/plugin/tarPlugin.vim
030.408  000.070  000.070: sourcing /opt/homebrew/Cellar/neovim/0.9.1/share/nvim/runtime/plugin/tohtml.vim
030.479  000.031  000.031: sourcing /opt/homebrew/Cellar/neovim/0.9.1/share/nvim/runtime/plugin/tutor.vim
030.608  000.089  000.089: sourcing /opt/homebrew/Cellar/neovim/0.9.1/share/nvim/runtime/plugin/zipPlugin.vim
032.914  000.113  000.113: require('rose-pine.config')
032.915  000.405  000.291: require('rose-pine')
033.383  000.457  000.457: require('rose-pine.theme')
033.511  000.127  000.127: require('rose-pine.util')
033.621  000.109  000.109: require('rose-pine.palette')
035.326  002.988  001.889: sourcing /Users/willisplummer/.local/share/nvim/site/pack/packer/start/rose-pine/colors/rose-pine.lua
035.331  004.565  001.577: sourcing /Users/willisplummer/.config/nvim/plugin/packer_compiled.lua
035.902  000.064  000.064: sourcing /opt/homebrew/Cellar/neovim/0.9.1/share/nvim/runtime/plugin/editorconfig.lua
036.008  000.057  000.057: sourcing /opt/homebrew/Cellar/neovim/0.9.1/share/nvim/runtime/plugin/man.lua
036.096  000.044  000.044: sourcing /opt/homebrew/Cellar/neovim/0.9.1/share/nvim/runtime/plugin/nvim.lua
036.116  003.237: loading rtp plugins
037.058  000.144  000.144: sourcing /Users/willisplummer/.local/share/nvim/site/pack/packer/start/lsp-zero.nvim/plugin/lsp-zero.lua
037.349  000.140  000.140: sourcing /Users/willisplummer/.local/share/nvim/site/pack/packer/start/LuaSnip/plugin/luasnip.vim
038.122  000.520  000.520: require('vim.filetype')
038.763  000.080  000.080: require('luasnip.util.types')
039.012  000.247  000.247: require('luasnip.util.ext_opts')
039.864  000.077  000.077: require('luasnip.session')
041.077  001.788  001.710: require('luasnip.util.util')
041.079  002.066  000.279: require('luasnip.extras.filetype_functions')
041.211  002.870  000.477: require('luasnip.config')
042.060  000.082  000.082: require('luasnip.session.snippet_collection.source')
042.064  000.282  000.200: require('luasnip.session.snippet_collection')
042.576  000.380  000.380: require('luasnip.util._builtin_vars')
042.628  000.050  000.050: require('vim.inspect')
042.657  000.593  000.163: require('luasnip.util.environ')
042.758  000.100  000.100: require('luasnip.util.extend_decorator')
043.117  000.081  000.081: require('luasnip.loaders._caches')
043.416  000.150  000.150: require('luasnip.util.path')
043.420  000.301  000.152: require('luasnip.loaders.util')
043.431  000.672  000.290: require('luasnip.loaders')
043.823  000.389  000.389: require('luasnip.util.log')
043.833  002.619  000.584: require('luasnip')
043.860  006.378  000.368: sourcing /Users/willisplummer/.local/share/nvim/site/pack/packer/start/LuaSnip/plugin/luasnip.lua
044.530  000.207  000.207: sourcing /Users/willisplummer/.local/share/nvim/site/pack/packer/start/markdown-preview.nvim/plugin/mkdp.vim
045.573  000.327  000.327: require('cmp.utils.api')
045.968  000.139  000.139: require('cmp.types.cmp')
046.560  000.309  000.309: require('cmp.utils.misc')
046.590  000.621  000.312: require('cmp.types.lsp')
046.687  000.096  000.096: require('cmp.types.vim')
046.689  001.115  000.259: require('cmp.types')
046.784  000.094  000.094: require('cmp.utils.highlight')
047.073  000.187  000.187: require('cmp.utils.debug')
047.077  000.292  000.106: require('cmp.utils.autocmd')
047.234  002.145  000.316: sourcing /Users/willisplummer/.local/share/nvim/site/pack/packer/start/nvim-cmp/plugin/cmp.lua
048.272  000.345  000.345: require('vim.version')
049.204  001.489  001.145: sourcing /Users/willisplummer/.local/share/nvim/site/pack/packer/start/nvim-lspconfig/plugin/lspconfig.lua
050.766  000.158  000.158: require('nvim-treesitter.utils')
052.638  000.127  000.127: require('vim.treesitter.language')
052.642  000.436  000.309: require('vim.treesitter.query')
052.775  000.132  000.132: require('vim.treesitter._range')
052.779  001.193  000.625: require('vim.treesitter.languagetree')
052.782  001.522  000.329: require('vim.treesitter')
052.994  002.227  000.705: require('nvim-treesitter.parsers')
054.009  000.094  000.094: require('nvim-treesitter.compat')
054.408  000.242  000.242: require('nvim-treesitter.ts_utils')
054.411  000.401  000.159: require('nvim-treesitter.tsrange')
054.509  000.097  000.097: require('nvim-treesitter.caching')
054.514  000.853  000.261: require('nvim-treesitter.query')
054.540  001.392  000.539: require('nvim-treesitter.configs')
054.542  001.547  000.154: require('nvim-treesitter.info')
054.730  000.187  000.187: require('nvim-treesitter.shell_command_selectors')
054.740  004.691  000.572: require('nvim-treesitter.install')
054.837  000.096  000.096: require('nvim-treesitter.statusline')
054.986  000.148  000.148: require('nvim-treesitter.query_predicates')
054.988  005.171  000.236: require('nvim-treesitter')
055.190  005.508  000.337: sourcing /Users/willisplummer/.local/share/nvim/site/pack/packer/start/nvim-treesitter/plugin/nvim-treesitter.lua
055.782  000.139  000.139: sourcing /Users/willisplummer/.local/share/nvim/site/pack/packer/start/plenary.nvim/plugin/plenary.vim
056.604  000.290  000.290: sourcing /Users/willisplummer/.local/share/nvim/site/pack/packer/start/telescope.nvim/plugin/telescope.lua
056.965  000.231  000.231: sourcing /Users/willisplummer/.local/share/nvim/site/pack/packer/start/undotree/plugin/undotree.vim
057.526  000.138  000.138: sourcing /Users/willisplummer/.local/share/nvim/site/pack/packer/start/vim-be-good/plugin/vim-be-good.vim
058.526  000.819  000.819: sourcing /Users/willisplummer/.local/share/nvim/site/pack/packer/start/vim-fugitive/plugin/fugitive.vim
058.963  000.235  000.235: sourcing /Users/willisplummer/.local/share/nvim/site/pack/packer/start/vim-pandoc/plugin/pandoc.vim
059.287  000.134  000.134: sourcing /Users/willisplummer/.local/share/nvim/site/pack/packer/start/vim-pandoc-syntax/plugin/pandoc-syntax-check.vim
060.487  000.230  000.230: sourcing /Users/willisplummer/.local/share/nvim/site/pack/packer/start/wiki.vim/autoload/wiki/init.vim
060.892  000.298  000.298: sourcing /Users/willisplummer/.local/share/nvim/site/pack/packer/start/wiki.vim/autoload/wiki/u.vim
061.407  000.331  000.331: require('wiki.ui_select')
061.719  000.183  000.183: sourcing /Users/willisplummer/.local/share/nvim/site/pack/packer/start/wiki.vim/autoload/wiki/tags.vim
061.911  002.235  001.193: sourcing /Users/willisplummer/.local/share/nvim/site/pack/packer/start/wiki.vim/plugin/wiki.vim
062.069  005.720: loading packages
062.860  000.245  000.245: require('cmp_nvim_lsp.source')
062.862  000.446  000.201: require('cmp_nvim_lsp')
062.870  000.605  000.159: sourcing /Users/willisplummer/.local/share/nvim/site/pack/packer/start/cmp-nvim-lsp/after/plugin/cmp_nvim_lsp.lua
063.809  000.088  000.088: require('rose-pine.palette')
064.536  001.089  001.001: sourcing /Users/willisplummer/.local/share/nvim/site/pack/packer/start/rose-pine/colors/rose-pine.lua
064.631  001.591  000.502: sourcing /Users/willisplummer/.config/nvim/after/plugin/colors.lua
065.075  000.400  000.400: sourcing /Users/willisplummer/.config/nvim/after/plugin/fugitive.lua
067.239  000.379  000.379: require('plenary.bit')
067.476  000.236  000.236: require('plenary.functional')
067.501  000.014  000.014: require('ffi')
067.513  001.402  000.773: require('plenary.path')
068.255  000.524  000.524: require('plenary.job')
068.256  000.743  000.218: require('harpoon.utils')
068.656  000.206  000.206: require('plenary.log')
068.687  000.430  000.223: require('harpoon.dev')
069.113  003.314  000.739: require('harpoon')
069.121  003.799  000.485: require('harpoon.mark')
070.178  000.164  000.164: require('plenary.strings')
070.180  000.381  000.216: require('plenary.window.border')
070.264  000.084  000.084: require('plenary.window')
070.348  000.083  000.083: require('plenary.popup.utils')
070.350  000.922  000.376: require('plenary.popup')
070.354  001.232  000.310: require('harpoon.ui')
070.395  005.283  000.252: sourcing /Users/willisplummer/.config/nvim/after/plugin/harpoon.lua
071.638  000.483  000.483: require('lsp-zero.server')
072.703  000.924  000.924: require('lspconfig.util')
073.379  000.331  000.331: require('lspconfig.configs')
073.380  000.603  000.272: require('lspconfig')
073.461  002.709  000.700: require('lsp-zero')
073.558  000.096  000.096: require('lsp-zero.settings')
073.640  000.080  000.080: require('lsp-zero.preset')
073.738  000.081  000.081: require('lsp-zero.installer')
074.315  000.254  000.254: require('mason-core.path')
074.832  000.314  000.314: require('mason-core.functional')
075.156  000.163  000.163: require('mason-core.functional.data')
075.159  000.316  000.152: require('mason-core.functional.function')
075.299  000.135  000.135: require('mason-core.functional.relation')
075.568  000.266  000.266: require('mason-core.functional.logic')
075.577  001.261  000.232: require('mason-core.platform')
075.669  000.091  000.091: require('mason.settings')
075.670  001.910  000.304: require('mason')
076.003  000.151  000.151: require('mason-core.functional.list')
076.106  000.102  000.102: require('mason-core.functional.string')
076.121  000.444  000.191: require('mason.api.command')
076.462  000.338  000.338: require('mason-registry.sources')
076.902  000.272  000.272: require('mason-core.log')
076.995  000.092  000.092: require('mason-lspconfig.settings')
076.997  000.530  000.165: require('mason-lspconfig')
077.199  000.068  000.068: require('mason-lspconfig.notify')
077.201  000.203  000.135: require('mason-lspconfig.lspconfig_hook')
077.413  000.098  000.098: require('mason-core.functional.table')
077.433  000.231  000.133: require('mason-lspconfig.mappings.server')
077.682  000.086  000.086: require('mason-core.EventEmitter')
077.784  000.101  000.101: require('mason-core.optional')
078.046  000.141  000.141: require('mason-core.async')
078.112  000.066  000.066: require('mason-core.async.uv')
078.116  000.331  000.124: require('mason-core.fs')
078.125  000.690  000.172: require('mason-registry')
078.192  000.067  000.067: require('mason-lspconfig.server_config_extensions')
078.525  000.331  000.331: require('lspconfig.server_configurations.omnisharp')
078.909  000.080  000.080: require('mason-core.functional.number')
078.918  000.226  000.146: require('mason-lspconfig.api.command')
079.163  000.242  000.242: require('lspconfig.server_configurations.lua_ls')
080.521  000.229  000.229: require('lsp-zero.setup')
082.357  000.252  000.252: require('cmp.utils.char')
082.361  000.586  000.334: require('cmp.utils.str')
082.822  000.094  000.094: require('cmp.utils.buffer')
082.824  000.288  000.195: require('cmp.utils.keymap')
082.827  000.465  000.177: require('cmp.utils.feedkeys')
083.497  000.247  000.247: require('cmp.config.mapping')
083.581  000.083  000.083: require('cmp.utils.cache')
083.848  000.161  000.161: require('cmp.config.compare')
083.849  000.266  000.105: require('cmp.config.default')
083.855  000.852  000.255: require('cmp.config')
083.861  001.033  000.182: require('cmp.utils.async')
084.036  000.073  000.073: require('cmp.utils.pattern')
084.038  000.176  000.103: require('cmp.context')
084.712  000.156  000.156: require('cmp.matcher')
084.715  000.476  000.320: require('cmp.entry')
084.718  000.680  000.204: require('cmp.source')
084.953  000.078  000.078: require('cmp.utils.event')
085.320  000.073  000.073: require('cmp.utils.options')
085.323  000.250  000.177: require('cmp.utils.window')
085.324  000.370  000.120: require('cmp.view.docs_view')
085.592  000.267  000.267: require('cmp.view.custom_entries_view')
085.770  000.177  000.177: require('cmp.view.wildmenu_entries_view')
085.907  000.136  000.136: require('cmp.view.native_entries_view')
086.043  000.135  000.135: require('cmp.view.ghost_text_view')
086.047  001.328  000.165: require('cmp.view')
086.379  005.138  000.869: require('cmp.core')
086.528  000.104  000.104: require('cmp.config.sources')
086.605  000.076  000.076: require('cmp.config.window')
086.623  005.747  000.430: require('cmp')
086.625  006.032  000.285: require('lsp-zero.cmp')
088.051  001.073  001.073: require('vim.diagnostic')
088.523  000.420  000.420: require('lspconfig.server_configurations.eslint')
089.222  000.335  000.335: require('lspconfig.server_configurations.tsserver')
089.717  000.227  000.227: require('lspconfig.server_configurations.marksman')
089.934  019.497  003.001: sourcing /Users/willisplummer/.config/nvim/after/plugin/lsp.lua
092.041  000.206  000.206: require('plenary.tbl')
092.043  000.348  000.141: require('plenary.vararg.rotate')
092.063  000.560  000.213: require('plenary.vararg')
092.148  000.084  000.084: require('plenary.errors')
092.151  000.826  000.181: require('plenary.async.async')
092.251  000.099  000.099: require('plenary.async.structs')
092.254  001.157  000.232: require('plenary.async.control')
093.391  000.141  000.141: require('telescope.deprecated')
094.137  000.250  000.250: require('telescope.log')
094.552  000.093  000.093: require('telescope.state')
094.559  000.421  000.328: require('telescope.utils')
094.564  001.171  000.500: require('telescope.sorters')
095.669  002.857  001.544: require('telescope.config')
095.835  000.165  000.165: require('telescope.pickers.scroller')
096.080  000.243  000.243: require('telescope.actions.state')
096.223  000.142  000.142: require('telescope.actions.utils')
096.563  000.163  000.163: require('telescope.actions.mt')
096.574  000.350  000.188: require('telescope.actions.set')
096.878  000.159  000.159: require('telescope.config.resolve')
096.880  000.305  000.146: require('telescope.pickers.entry_display')
096.977  000.096  000.096: require('telescope.from_entry')
097.119  004.864  000.706: require('telescope.actions')
097.970  000.690  000.690: require('telescope.make_entry')
098.393  000.123  000.123: require('plenary.async.util')
098.396  000.216  000.094: require('plenary.async.tests')
098.397  000.315  000.099: require('plenary.async')
098.399  000.428  000.113: require('telescope.finders.async_static_finder')
098.834  000.109  000.109: require('plenary.class')
098.841  000.327  000.218: require('telescope._')
098.843  000.443  000.116: require('telescope.finders.async_oneshot_finder')
098.977  000.134  000.134: require('telescope.finders.async_job_finder')
098.981  001.861  000.166: require('telescope.finders')
100.110  000.145  000.145: require('telescope._extensions')
100.113  000.321  000.176: require('telescope')
100.282  000.168  000.168: require('telescope.debounce')
100.492  000.209  000.209: require('telescope.mappings')
100.642  000.148  000.148: require('telescope.pickers.highlights')
100.743  000.100  000.100: require('telescope.pickers.window')
101.054  000.148  000.148: require('telescope.algos.linked_list')
101.056  000.312  000.164: require('telescope.entry_manager')
101.158  000.102  000.102: require('telescope.pickers.multi')
101.170  002.188  000.828: require('telescope.pickers')
101.184  010.358  000.289: require('telescope.builtin.__lsp')
101.198  011.034  000.676: require('telescope.builtin')
101.286  011.287  000.253: sourcing /Users/willisplummer/.config/nvim/after/plugin/telescope.lua
102.877  000.196  000.196: require('nvim-treesitter.highlight')
102.896  001.547  001.351: sourcing /Users/willisplummer/.config/nvim/after/plugin/treesitter.lua
103.094  000.153  000.153: sourcing /Users/willisplummer/.config/nvim/after/plugin/undotree.lua
103.371  000.236  000.236: sourcing /Users/willisplummer/.config/nvim/after/plugin/wiki.lua
103.372  000.706: loading after plugins
103.376  000.003: inits 3
105.543  002.168: reading ShaDa
105.942  000.303  000.303: require('luasnip.loaders.from_lua')
106.180  000.226  000.226: require('luasnip.loaders.from_snipmate')
107.111  000.572  000.572: require('luasnip.util.jsonc')
107.122  000.935  000.363: require('luasnip.loaders.from_vscode')
107.162  000.155: opening buffers
107.177  000.015: BufEnter autocommands
107.179  000.002: editing files in windows
107.505  000.300  000.300: require('mason-core.terminator')


times in msec
 clock   self+sourced   self:  sourced script
 clock   elapsed:              other lines

000.007  000.007: --- NVIM STARTING ---
000.353  000.346: event init
000.702  000.349: early init
001.532  000.830: locale set
001.696  000.165: init first window
002.633  000.937: inits 1
002.646  000.013: window checked
002.650  000.003: parsing arguments
003.383  000.045  000.045: require('vim.shared')
003.479  000.036  000.036: require('vim._meta')
003.480  000.093  000.057: require('vim._editor')
003.484  000.207  000.068: require('vim._init_packages')
003.486  000.630: init lua interpreter
004.069  000.583: expanding arguments
004.101  000.032: inits 2
004.379  000.278: init highlight
